[debug] [2023-06-07T14:35:07.871Z] ----------------------------------------------------------------------
[debug] [2023-06-07T14:35:07.873Z] Command:       C:\Program Files\nodejs\node.exe C:\Users\air1g\AppData\Roaming\npm\node_modules\firebase-tools\lib\bin\firebase.js init
[debug] [2023-06-07T14:35:07.874Z] CLI Version:   12.3.1
[debug] [2023-06-07T14:35:07.874Z] Platform:      win32
[debug] [2023-06-07T14:35:07.874Z] Node Version:  v16.13.0
[debug] [2023-06-07T14:35:07.874Z] Time:          Wed Jun 07 2023 14:35:07 GMT+0000 (heure moyenne de Greenwich)
[debug] [2023-06-07T14:35:07.874Z] ----------------------------------------------------------------------
[debug] 
[debug] [2023-06-07T14:35:07.880Z] > command requires scopes: ["email","openid","https://www.googleapis.com/auth/cloudplatformprojects.readonly","https://www.googleapis.com/auth/firebase","https://www.googleapis.com/auth/cloud-platform"]
[debug] [2023-06-07T14:35:07.880Z] > authorizing via signed-in user (erwanngautier1@gmail.com)
[info] 
     ######## #### ########  ######## ########     ###     ######  ########
     ##        ##  ##     ## ##       ##     ##  ##   ##  ##       ##
     ######    ##  ########  ######   ########  #########  ######  ######
     ##        ##  ##    ##  ##       ##     ## ##     ##       ## ##
     ##       #### ##     ## ######## ########  ##     ##  ######  ########

You're about to initialize a Firebase project in this directory:

  C:\Users\air1g\Documents\Programmation\my-next-app

[debug] [2023-06-07T14:37:17.396Z] ----------------------------------------------------------------------
[debug] [2023-06-07T14:37:17.398Z] Command:       C:\Program Files\nodejs\node.exe C:\Users\air1g\AppData\Roaming\npm\node_modules\firebase-tools\lib\bin\firebase.js init hosting
[debug] [2023-06-07T14:37:17.398Z] CLI Version:   12.3.1
[debug] [2023-06-07T14:37:17.398Z] Platform:      win32
[debug] [2023-06-07T14:37:17.398Z] Node Version:  v16.13.0
[debug] [2023-06-07T14:37:17.399Z] Time:          Wed Jun 07 2023 14:37:17 GMT+0000 (heure moyenne de Greenwich)
[debug] [2023-06-07T14:37:17.399Z] ----------------------------------------------------------------------
[debug] 
[debug] [2023-06-07T14:37:17.404Z] > command requires scopes: ["email","openid","https://www.googleapis.com/auth/cloudplatformprojects.readonly","https://www.googleapis.com/auth/firebase","https://www.googleapis.com/auth/cloud-platform"]
[debug] [2023-06-07T14:37:17.405Z] > authorizing via signed-in user (erwanngautier1@gmail.com)
[info] 
     ######## #### ########  ######## ########     ###     ######  ########
     ##        ##  ##     ## ##       ##     ##  ##   ##  ##       ##
     ######    ##  ########  ######   ########  #########  ######  ######
     ##        ##  ##    ##  ##       ##     ## ##     ##       ## ##
     ##       #### ##     ## ######## ########  ##     ##  ######  ########

You're about to initialize a Firebase project in this directory:

  C:\Users\air1g\Documents\Programmation\my-next-app

[info] 
=== Project Setup
[info] 
[info] First, let's associate this project directory with a Firebase project.
[info] You can create multiple project aliases by running firebase use --add, 
[info] but for now we'll just set up a default project.
[info] 
[info] i  If you want to create a project in a Google Cloud organization or folder, please use "firebase projects:create" instead, and return to this command when you've created the project. 
[debug] [2023-06-07T14:38:01.373Z] >>> [apiv2][query] POST https://cloudresourcemanager.googleapis.com/v1/projects [none]
[debug] [2023-06-07T14:38:01.374Z] >>> [apiv2][body] POST https://cloudresourcemanager.googleapis.com/v1/projects {"projectId":"my-next-app","name":"my-next-app"}
[debug] [2023-06-07T14:38:03.447Z] <<< [apiv2][status] POST https://cloudresourcemanager.googleapis.com/v1/projects 409
[debug] [2023-06-07T14:38:03.448Z] <<< [apiv2][body] POST https://cloudresourcemanager.googleapis.com/v1/projects {"error":{"code":409,"message":"Requested entity already exists","status":"ALREADY_EXISTS"}}
[debug] [2023-06-07T14:38:04.069Z] FirebaseError: HTTP Error: 409, Requested entity already exists
    at responseToError (C:\Users\air1g\AppData\Roaming\npm\node_modules\firebase-tools\lib\responseToError.js:49:12)
    at RetryOperation._fn (C:\Users\air1g\AppData\Roaming\npm\node_modules\firebase-tools\lib\apiv2.js:288:77)
    at processTicksAndRejections (node:internal/process/task_queues:96:5)
[error] 
[error] Error: Failed to create project because there is already a project with ID my-next-app. Please try again with a unique project ID.
[debug] [2023-06-07T14:38:18.125Z] ----------------------------------------------------------------------
[debug] [2023-06-07T14:38:18.127Z] Command:       C:\Program Files\nodejs\node.exe C:\Users\air1g\AppData\Roaming\npm\node_modules\firebase-tools\lib\bin\firebase.js init hosting
[debug] [2023-06-07T14:38:18.127Z] CLI Version:   12.3.1
[debug] [2023-06-07T14:38:18.127Z] Platform:      win32
[debug] [2023-06-07T14:38:18.127Z] Node Version:  v16.13.0
[debug] [2023-06-07T14:38:18.128Z] Time:          Wed Jun 07 2023 14:38:18 GMT+0000 (heure moyenne de Greenwich)
[debug] [2023-06-07T14:38:18.128Z] ----------------------------------------------------------------------
[debug] 
[debug] [2023-06-07T14:38:18.134Z] > command requires scopes: ["email","openid","https://www.googleapis.com/auth/cloudplatformprojects.readonly","https://www.googleapis.com/auth/firebase","https://www.googleapis.com/auth/cloud-platform"]
[debug] [2023-06-07T14:38:18.134Z] > authorizing via signed-in user (erwanngautier1@gmail.com)
[info] 
     ######## #### ########  ######## ########     ###     ######  ########
     ##        ##  ##     ## ##       ##     ##  ##   ##  ##       ##
     ######    ##  ########  ######   ########  #########  ######  ######
     ##        ##  ##    ##  ##       ##     ## ##     ##       ## ##
     ##       #### ##     ## ######## ########  ##     ##  ######  ########

You're about to initialize a Firebase project in this directory:

  C:\Users\air1g\Documents\Programmation\my-next-app

[info] 
=== Project Setup
[info] 
[info] First, let's associate this project directory with a Firebase project.
[info] You can create multiple project aliases by running firebase use --add, 
[info] but for now we'll just set up a default project.
[info] 
[info] i  If you want to create a project in a Google Cloud organization or folder, please use "firebase projects:create" instead, and return to this command when you've created the project. 
[debug] [2023-06-07T14:38:37.611Z] >>> [apiv2][query] POST https://cloudresourcemanager.googleapis.com/v1/projects [none]
[debug] [2023-06-07T14:38:37.611Z] >>> [apiv2][body] POST https://cloudresourcemanager.googleapis.com/v1/projects {"projectId":"R1-next-app","name":"R1-next-app"}
[debug] [2023-06-07T14:38:39.613Z] <<< [apiv2][status] POST https://cloudresourcemanager.googleapis.com/v1/projects 400
[debug] [2023-06-07T14:38:39.613Z] <<< [apiv2][body] POST https://cloudresourcemanager.googleapis.com/v1/projects {"error":{"code":400,"message":"field [project_id] has issue [project_id contains invalid characters]","status":"INVALID_ARGUMENT","details":[{"@type":"type.googleapis.com/google.rpc.BadRequest","fieldViolations":[{"field":"project_id","description":"project_id contains invalid characters"}]},{"@type":"type.googleapis.com/google.rpc.Help","links":[{"url":"https://cloud.google.com/resource-manager/reference/rest/v1/projects"}]}]}}
[debug] [2023-06-07T14:38:41.356Z] FirebaseError: HTTP Error: 400, field [project_id] has issue [project_id contains invalid characters]
    at responseToError (C:\Users\air1g\AppData\Roaming\npm\node_modules\firebase-tools\lib\responseToError.js:49:12)
    at RetryOperation._fn (C:\Users\air1g\AppData\Roaming\npm\node_modules\firebase-tools\lib\apiv2.js:288:77)
    at processTicksAndRejections (node:internal/process/task_queues:96:5)
[error] 
[error] Error: Failed to create project. See firebase-debug.log for more info.
